{
"contracts\\demo.sol":{"l":{"22":12,"23":12,"24":12,"29":19,"30":17,"35":5,"36":5,"41":3,"46":1,"51":4,"56":4,"61":9,"62":8,"63":7,"65":6,"66":6,"68":6,"69":6,"70":6,"71":6,"73":6,"75":6,"77":4,"78":4,"81":6,"83":4,"84":4,"85":4,"86":4,"87":4,"88":4,"92":2,"93":2,"94":2,"95":2},"path":"E:\\Development\\Hardhat integration\\contracts\\demo.sol","s":{"1":12,"2":19,"3":5,"4":1,"5":4,"6":4,"7":9,"8":8,"9":7,"10":6,"11":6,"12":6,"13":6,"14":6,"15":6,"16":6,"17":6,"18":4,"19":4,"20":4,"21":4,"22":2,"23":2,"24":2},"b":{"1":[17,2],"2":[5,1],"3":[3,1],"4":[1,0],"5":[4,0],"6":[4,0],"7":[8,1],"8":[7,1],"9":[6,1],"10":[4,2],"11":[4,2]},"f":{"1":12,"2":19,"3":5,"4":3,"5":1,"6":4,"7":4,"8":9},"fnMap":{"1":{"name":"constructor","line":20,"loc":{"start":{"line":20,"column":4},"end":{"line":25,"column":4}}},"2":{"name":"onlyOwner","line":27,"loc":{"start":{"line":27,"column":4},"end":{"line":31,"column":4}}},"3":{"name":"addRoot","line":33,"loc":{"start":{"line":33,"column":4},"end":{"line":37,"column":4}}},"4":{"name":"setCompanyAddress","line":39,"loc":{"start":{"line":39,"column":4},"end":{"line":42,"column":4}}},"5":{"name":"getUsersLength","line":44,"loc":{"start":{"line":44,"column":4},"end":{"line":47,"column":4}}},"6":{"name":"getCompany","line":49,"loc":{"start":{"line":49,"column":4},"end":{"line":52,"column":4}}},"7":{"name":"getRewardsInGwei","line":54,"loc":{"start":{"line":54,"column":4},"end":{"line":57,"column":4}}},"8":{"name":"Buy","line":59,"loc":{"start":{"line":59,"column":4},"end":{"line":97,"column":4}}}},"statementMap":{"1":{"start":{"line":22,"column":8},"end":{"line":22,"column":46}},"2":{"start":{"line":29,"column":8},"end":{"line":29,"column":68}},"3":{"start":{"line":35,"column":8},"end":{"line":35,"column":56}},"4":{"start":{"line":46,"column":8},"end":{"line":46,"column":27}},"5":{"start":{"line":51,"column":8},"end":{"line":51,"column":22}},"6":{"start":{"line":56,"column":8},"end":{"line":56,"column":42}},"7":{"start":{"line":61,"column":8},"end":{"line":61,"column":82}},"8":{"start":{"line":62,"column":8},"end":{"line":62,"column":55}},"9":{"start":{"line":63,"column":8},"end":{"line":63,"column":68}},"10":{"start":{"line":65,"column":8},"end":{"line":65,"column":43}},"11":{"start":{"line":68,"column":8},"end":{"line":68,"column":33}},"12":{"start":{"line":69,"column":8},"end":{"line":69,"column":32}},"13":{"start":{"line":70,"column":8},"end":{"line":70,"column":35}},"14":{"start":{"line":71,"column":8},"end":{"line":71,"column":40}},"15":{"start":{"line":73,"column":8},"end":{"line":73,"column":44}},"16":{"start":{"line":75,"column":8},"end":{"line":75,"column":2083}},"17":{"start":{"line":81,"column":8},"end":{"line":81,"column":2236}},"18":{"start":{"line":83,"column":12},"end":{"line":83,"column":56}},"19":{"start":{"line":84,"column":12},"end":{"line":84,"column":49}},"20":{"start":{"line":85,"column":12},"end":{"line":85,"column":49}},"21":{"start":{"line":86,"column":12},"end":{"line":86,"column":50}},"22":{"start":{"line":92,"column":12},"end":{"line":92,"column":54}},"23":{"start":{"line":93,"column":12},"end":{"line":93,"column":49}},"24":{"start":{"line":94,"column":12},"end":{"line":94,"column":50}}},"branchMap":{"1":{"line":29,"type":"if","locations":[{"start":{"line":29,"column":8},"end":{"line":29,"column":8}},{"start":{"line":29,"column":8},"end":{"line":29,"column":8}}]},"2":{"line":33,"type":"if","locations":[{"start":{"line":33,"column":46},"end":{"line":33,"column":46}},{"start":{"line":33,"column":46},"end":{"line":33,"column":46}}]},"3":{"line":39,"type":"if","locations":[{"start":{"line":39,"column":49},"end":{"line":39,"column":49}},{"start":{"line":39,"column":49},"end":{"line":39,"column":49}}]},"4":{"line":44,"type":"if","locations":[{"start":{"line":44,"column":30},"end":{"line":44,"column":30}},{"start":{"line":44,"column":30},"end":{"line":44,"column":30}}]},"5":{"line":49,"type":"if","locations":[{"start":{"line":49,"column":26},"end":{"line":49,"column":26}},{"start":{"line":49,"column":26},"end":{"line":49,"column":26}}]},"6":{"line":54,"type":"if","locations":[{"start":{"line":54,"column":45},"end":{"line":54,"column":45}},{"start":{"line":54,"column":45},"end":{"line":54,"column":45}}]},"7":{"line":61,"type":"if","locations":[{"start":{"line":61,"column":8},"end":{"line":61,"column":8}},{"start":{"line":61,"column":8},"end":{"line":61,"column":8}}]},"8":{"line":62,"type":"if","locations":[{"start":{"line":62,"column":8},"end":{"line":62,"column":8}},{"start":{"line":62,"column":8},"end":{"line":62,"column":8}}]},"9":{"line":63,"type":"if","locations":[{"start":{"line":63,"column":8},"end":{"line":63,"column":8}},{"start":{"line":63,"column":8},"end":{"line":63,"column":8}}]},"10":{"line":75,"type":"if","locations":[{"start":{"line":75,"column":8},"end":{"line":75,"column":8}},{"start":{"line":75,"column":8},"end":{"line":75,"column":8}}]},"11":{"line":81,"type":"if","locations":[{"start":{"line":81,"column":8},"end":{"line":81,"column":8}},{"start":{"line":81,"column":8},"end":{"line":81,"column":8}}]}}}}
