TN:
SF:E:\Development\Hardhat integration\contracts\demo.sol
FN:20,constructor
FN:27,onlyOwner
FN:33,addRoot
FN:39,setCompanyAddress
FN:44,getUsersLength
FN:49,getCompany
FN:54,getRewardsInGwei
FN:59,Buy
FNF:8
FNH:8
FNDA:12,constructor
FNDA:19,onlyOwner
FNDA:5,addRoot
FNDA:3,setCompanyAddress
FNDA:1,getUsersLength
FNDA:4,getCompany
FNDA:4,getRewardsInGwei
FNDA:9,Buy
DA:22,12
DA:23,12
DA:24,12
DA:29,19
DA:30,17
DA:35,5
DA:36,5
DA:41,3
DA:46,1
DA:51,4
DA:56,4
DA:61,9
DA:62,8
DA:63,7
DA:65,6
DA:66,6
DA:68,6
DA:69,6
DA:70,6
DA:71,6
DA:73,6
DA:75,6
DA:77,4
DA:78,4
DA:81,6
DA:83,4
DA:84,4
DA:85,4
DA:86,4
DA:87,4
DA:88,4
DA:92,2
DA:93,2
DA:94,2
DA:95,2
LF:35
LH:35
BRDA:29,1,0,17
BRDA:29,1,1,2
BRDA:33,2,0,5
BRDA:33,2,1,1
BRDA:39,3,0,3
BRDA:39,3,1,1
BRDA:44,4,0,1
BRDA:44,4,1,0
BRDA:49,5,0,4
BRDA:49,5,1,0
BRDA:54,6,0,4
BRDA:54,6,1,0
BRDA:61,7,0,8
BRDA:61,7,1,1
BRDA:62,8,0,7
BRDA:62,8,1,1
BRDA:63,9,0,6
BRDA:63,9,1,1
BRDA:75,10,0,4
BRDA:75,10,1,2
BRDA:81,11,0,4
BRDA:81,11,1,2
BRF:22
BRH:19
end_of_record
